[debug] [2022-02-27T16:10:16.266Z] ----------------------------------------------------------------------
[debug] [2022-02-27T16:10:16.271Z] Command:       C:\Program Files\nodejs\node.exe C:\Users\hardw\AppData\Roaming\npm\node_modules\firebase-tools\lib\bin\firebase.js serve
[debug] [2022-02-27T16:10:16.272Z] CLI Version:   9.23.0
[debug] [2022-02-27T16:10:16.273Z] Platform:      win32
[debug] [2022-02-27T16:10:16.273Z] Node Version:  v17.2.0
[debug] [2022-02-27T16:10:16.289Z] Time:          Sun Feb 27 2022 11:10:16 GMT-0500 (Eastern Standard Time)
[debug] [2022-02-27T16:10:16.289Z] ----------------------------------------------------------------------
[debug] 
[debug] [2022-02-27T16:10:16.482Z] > command requires scopes: ["email","openid","https://www.googleapis.com/auth/cloudplatformprojects.readonly","https://www.googleapis.com/auth/firebase","https://www.googleapis.com/auth/cloud-platform"]
[debug] [2022-02-27T16:10:16.484Z] > authorizing via signed-in user (hardwickariella@gmail.com)
[debug] [2022-02-27T16:10:16.485Z] [iam] checking project name-this-dog for permissions ["firebase.projects.get"]
[debug] [2022-02-27T16:10:16.510Z] > refreshing access token with scopes: ["email","https://www.googleapis.com/auth/cloud-platform","https://www.googleapis.com/auth/cloudplatformprojects.readonly","https://www.googleapis.com/auth/firebase","openid"]
[debug] [2022-02-27T16:10:16.511Z] >>> HTTP REQUEST POST https://www.googleapis.com/oauth2/v3/token  
 <request body omitted>
[debug] [2022-02-27T16:10:17.283Z] <<< HTTP RESPONSE 200 {"cache-control":"no-cache, no-store, max-age=0, must-revalidate","date":"Sun, 27 Feb 2022 16:10:17 GMT","expires":"Mon, 01 Jan 1990 00:00:00 GMT","pragma":"no-cache","content-type":"application/json; charset=utf-8","vary":"X-Origin, Referer, Origin,Accept-Encoding","server":"scaffolding on HTTPServer2","x-xss-protection":"0","x-frame-options":"SAMEORIGIN","x-content-type-options":"nosniff","alt-svc":"h3=\":443\"; ma=2592000,h3-29=\":443\"; ma=2592000,h3-Q050=\":443\"; ma=2592000,h3-Q046=\":443\"; ma=2592000,h3-Q043=\":443\"; ma=2592000,quic=\":443\"; ma=2592000; v=\"46,43\"","accept-ranges":"none","transfer-encoding":"chunked"}
[debug] [2022-02-27T16:10:17.311Z] >>> HTTP REQUEST POST https://cloudresourcemanager.googleapis.com/v1/projects/name-this-dog:testIamPermissions  
 {"permissions":["firebase.projects.get"]}
[debug] [2022-02-27T16:10:17.715Z] <<< HTTP RESPONSE 200 {"content-type":"application/json; charset=UTF-8","vary":"X-Origin, Referer, Origin,Accept-Encoding","date":"Sun, 27 Feb 2022 16:10:18 GMT","server":"ESF","cache-control":"private","x-xss-protection":"0","x-frame-options":"SAMEORIGIN","x-content-type-options":"nosniff","server-timing":"gfet4t7; dur=109","alt-svc":"h3=\":443\"; ma=2592000,h3-29=\":443\"; ma=2592000,h3-Q050=\":443\"; ma=2592000,h3-Q046=\":443\"; ma=2592000,h3-Q043=\":443\"; ma=2592000,quic=\":443\"; ma=2592000; v=\"46,43\"","accept-ranges":"none","transfer-encoding":"chunked"}
[debug] [2022-02-27T16:10:17.718Z] > refreshing access token with scopes: []
[debug] [2022-02-27T16:10:17.719Z] >>> HTTP REQUEST POST https://www.googleapis.com/oauth2/v3/token  
 <request body omitted>
[debug] [2022-02-27T16:10:17.964Z] <<< HTTP RESPONSE 200 {"pragma":"no-cache","date":"Sun, 27 Feb 2022 16:10:18 GMT","cache-control":"no-cache, no-store, max-age=0, must-revalidate","expires":"Mon, 01 Jan 1990 00:00:00 GMT","content-type":"application/json; charset=utf-8","vary":"X-Origin, Referer, Origin,Accept-Encoding","server":"scaffolding on HTTPServer2","x-xss-protection":"0","x-frame-options":"SAMEORIGIN","x-content-type-options":"nosniff","alt-svc":"h3=\":443\"; ma=2592000,h3-29=\":443\"; ma=2592000,h3-Q050=\":443\"; ma=2592000,h3-Q046=\":443\"; ma=2592000,h3-Q043=\":443\"; ma=2592000,quic=\":443\"; ma=2592000; v=\"46,43\"","accept-ranges":"none","transfer-encoding":"chunked"}
[debug] [2022-02-27T16:10:17.991Z] >>> [apiv2][query] GET https://firebase.googleapis.com/v1beta1/projects/name-this-dog [none]
[debug] [2022-02-27T16:10:18.476Z] <<< [apiv2][status] GET https://firebase.googleapis.com/v1beta1/projects/name-this-dog 200
[debug] [2022-02-27T16:10:18.476Z] <<< [apiv2][body] GET https://firebase.googleapis.com/v1beta1/projects/name-this-dog {"projectId":"name-this-dog","projectNumber":"884017592247","displayName":"name-this-dog","name":"projects/name-this-dog","resources":{"hostingSite":"name-this-dog","realtimeDatabaseInstance":"name-this-dog-default-rtdb"},"state":"ACTIVE"}
[info] 
[info] === Serving from 'C:\Users\hardw\ELLA\webdev\react\name-this-dog'...
[info] 
[debug] [2022-02-27T16:10:18.501Z] >>> [apiv2][query] GET https://firebasehosting.googleapis.com/v1beta1/projects/name-this-dog/sites 
[debug] [2022-02-27T16:10:19.018Z] <<< [apiv2][status] GET https://firebasehosting.googleapis.com/v1beta1/projects/name-this-dog/sites 200
[debug] [2022-02-27T16:10:19.018Z] <<< [apiv2][body] GET https://firebasehosting.googleapis.com/v1beta1/projects/name-this-dog/sites {"sites":[{"name":"projects/884017592247/sites/name-this-dog","defaultUrl":"https://name-this-dog.web.app","type":"DEFAULT_SITE"}]}
[debug] [2022-02-27T16:10:19.019Z] >>> [apiv2][query] GET https://firebase.googleapis.com/v1beta1/projects/name-this-dog/webApps/-/config [none]
[debug] [2022-02-27T16:10:19.468Z] <<< [apiv2][status] GET https://firebase.googleapis.com/v1beta1/projects/name-this-dog/webApps/-/config 200
[debug] [2022-02-27T16:10:19.469Z] <<< [apiv2][body] GET https://firebase.googleapis.com/v1beta1/projects/name-this-dog/webApps/-/config {"projectId":"name-this-dog","databaseURL":"https://name-this-dog-default-rtdb.firebaseio.com","storageBucket":"name-this-dog.appspot.com","apiKey":"AIzaSyCTTBw2mX1omuXPX_gcysUUyJeoN0v7i-o","authDomain":"name-this-dog.firebaseapp.com","messagingSenderId":"884017592247"}
[warn] !  hosting: Port 5000 is not available. Trying another port... {"metadata":{"emulator":{"name":"hosting"},"message":"\u001b[33mhosting: \u001b[39mPort 5000 is not available. Trying another port..."}}
[info] i  hosting: Serving hosting files from: build {"metadata":{"emulator":{"name":"hosting"},"message":"Serving hosting files from: \u001b[1mbuild\u001b[22m"}}
[info] +  hosting: Local server: http://localhost:5005 {"metadata":{"emulator":{"name":"hosting"},"message":"Local server: \u001b[4m\u001b[1mhttp://localhost:5005\u001b[22m\u001b[24m"}}
[info] i  hosting: ::1 - - [27/Feb/2022:16:11:18 +0000] "GET / HTTP/1.1" 200 649 "-" "Mozilla/5.0 (Windows NT 10.0; Win64; x64) AppleWebKit/537.36 (KHTML, like Gecko) Chrome/98.0.4758.102 Safari/537.36" {"metadata":{"emulator":{"name":"hosting"},"message":"::1 - - [27/Feb/2022:16:11:18 +0000] \"GET / HTTP/1.1\" 200 649 \"-\" \"Mozilla/5.0 (Windows NT 10.0; Win64; x64) AppleWebKit/537.36 (KHTML, like Gecko) Chrome/98.0.4758.102 Safari/537.36\""}}
[info] i  hosting: ::1 - - [27/Feb/2022:16:11:19 +0000] "GET /static/css/main.11b46a94.css HTTP/1.1" 200 167582 "http://localhost:5005/" "Mozilla/5.0 (Windows NT 10.0; Win64; x64) AppleWebKit/537.36 (KHTML, like Gecko) Chrome/98.0.4758.102 Safari/537.36" {"metadata":{"emulator":{"name":"hosting"},"message":"::1 - - [27/Feb/2022:16:11:19 +0000] \"GET /static/css/main.11b46a94.css HTTP/1.1\" 200 167582 \"http://localhost:5005/\" \"Mozilla/5.0 (Windows NT 10.0; Win64; x64) AppleWebKit/537.36 (KHTML, like Gecko) Chrome/98.0.4758.102 Safari/537.36\""}}
[info] i  hosting: ::1 - - [27/Feb/2022:16:11:19 +0000] "GET /static/js/main.60fdf5e7.js HTTP/1.1" 200 1036468 "http://localhost:5005/" "Mozilla/5.0 (Windows NT 10.0; Win64; x64) AppleWebKit/537.36 (KHTML, like Gecko) Chrome/98.0.4758.102 Safari/537.36" {"metadata":{"emulator":{"name":"hosting"},"message":"::1 - - [27/Feb/2022:16:11:19 +0000] \"GET /static/js/main.60fdf5e7.js HTTP/1.1\" 200 1036468 \"http://localhost:5005/\" \"Mozilla/5.0 (Windows NT 10.0; Win64; x64) AppleWebKit/537.36 (KHTML, like Gecko) Chrome/98.0.4758.102 Safari/537.36\""}}
[info] i  hosting: ::1 - - [27/Feb/2022:16:11:19 +0000] "GET /manifest.json HTTP/1.1" 200 517 "http://localhost:5005/" "Mozilla/5.0 (Windows NT 10.0; Win64; x64) AppleWebKit/537.36 (KHTML, like Gecko) Chrome/98.0.4758.102 Safari/537.36" {"metadata":{"emulator":{"name":"hosting"},"message":"::1 - - [27/Feb/2022:16:11:19 +0000] \"GET /manifest.json HTTP/1.1\" 200 517 \"http://localhost:5005/\" \"Mozilla/5.0 (Windows NT 10.0; Win64; x64) AppleWebKit/537.36 (KHTML, like Gecko) Chrome/98.0.4758.102 Safari/537.36\""}}
[info] i  hosting: ::1 - - [27/Feb/2022:16:11:19 +0000] "GET /favicon.ico HTTP/1.1" 200 3870 "http://localhost:5005/" "Mozilla/5.0 (Windows NT 10.0; Win64; x64) AppleWebKit/537.36 (KHTML, like Gecko) Chrome/98.0.4758.102 Safari/537.36" {"metadata":{"emulator":{"name":"hosting"},"message":"::1 - - [27/Feb/2022:16:11:19 +0000] \"GET /favicon.ico HTTP/1.1\" 200 3870 \"http://localhost:5005/\" \"Mozilla/5.0 (Windows NT 10.0; Win64; x64) AppleWebKit/537.36 (KHTML, like Gecko) Chrome/98.0.4758.102 Safari/537.36\""}}
[info] i  hosting: ::1 - - [27/Feb/2022:16:11:19 +0000] "GET /logo192.png HTTP/1.1" 200 5347 "http://localhost:5005/" "Mozilla/5.0 (Windows NT 10.0; Win64; x64) AppleWebKit/537.36 (KHTML, like Gecko) Chrome/98.0.4758.102 Safari/537.36" {"metadata":{"emulator":{"name":"hosting"},"message":"::1 - - [27/Feb/2022:16:11:19 +0000] \"GET /logo192.png HTTP/1.1\" 200 5347 \"http://localhost:5005/\" \"Mozilla/5.0 (Windows NT 10.0; Win64; x64) AppleWebKit/537.36 (KHTML, like Gecko) Chrome/98.0.4758.102 Safari/537.36\""}}
[info] i  hosting: ::1 - - [27/Feb/2022:16:11:24 +0000] "GET / HTTP/1.1" 200 649 "-" "Mozilla/5.0 (Windows NT 10.0; Win64; x64) AppleWebKit/537.36 (KHTML, like Gecko) Chrome/98.0.4758.102 Safari/537.36" {"metadata":{"emulator":{"name":"hosting"},"message":"::1 - - [27/Feb/2022:16:11:24 +0000] \"GET / HTTP/1.1\" 200 649 \"-\" \"Mozilla/5.0 (Windows NT 10.0; Win64; x64) AppleWebKit/537.36 (KHTML, like Gecko) Chrome/98.0.4758.102 Safari/537.36\""}}
[info] i  hosting: ::1 - - [27/Feb/2022:16:11:44 +0000] "GET / HTTP/1.1" 200 649 "-" "Mozilla/5.0 (Windows NT 10.0; Win64; x64) AppleWebKit/537.36 (KHTML, like Gecko) Chrome/98.0.4758.102 Safari/537.36" {"metadata":{"emulator":{"name":"hosting"},"message":"::1 - - [27/Feb/2022:16:11:44 +0000] \"GET / HTTP/1.1\" 200 649 \"-\" \"Mozilla/5.0 (Windows NT 10.0; Win64; x64) AppleWebKit/537.36 (KHTML, like Gecko) Chrome/98.0.4758.102 Safari/537.36\""}}
[info] i  hosting: ::1 - - [27/Feb/2022:16:11:49 +0000] "GET / HTTP/1.1" 200 649 "-" "Mozilla/5.0 (Windows NT 10.0; Win64; x64) AppleWebKit/537.36 (KHTML, like Gecko) Chrome/98.0.4758.102 Safari/537.36" {"metadata":{"emulator":{"name":"hosting"},"message":"::1 - - [27/Feb/2022:16:11:49 +0000] \"GET / HTTP/1.1\" 200 649 \"-\" \"Mozilla/5.0 (Windows NT 10.0; Win64; x64) AppleWebKit/537.36 (KHTML, like Gecko) Chrome/98.0.4758.102 Safari/537.36\""}}
[debug] [2022-02-27T17:22:33.839Z] ----------------------------------------------------------------------
[debug] [2022-02-27T17:22:33.843Z] Command:       C:\Program Files\nodejs\node.exe C:\Users\hardw\AppData\Roaming\npm\node_modules\firebase-tools\lib\bin\firebase.js serve
[debug] [2022-02-27T17:22:33.844Z] CLI Version:   10.2.1
[debug] [2022-02-27T17:22:33.844Z] Platform:      win32
[debug] [2022-02-27T17:22:33.844Z] Node Version:  v17.2.0
[debug] [2022-02-27T17:22:33.857Z] Time:          Sun Feb 27 2022 12:22:33 GMT-0500 (Eastern Standard Time)
[debug] [2022-02-27T17:22:33.858Z] ----------------------------------------------------------------------
[debug] 
[debug] [2022-02-27T17:22:34.034Z] > command requires scopes: ["email","openid","https://www.googleapis.com/auth/cloudplatformprojects.readonly","https://www.googleapis.com/auth/firebase","https://www.googleapis.com/auth/cloud-platform"]
[debug] [2022-02-27T17:22:34.035Z] > authorizing via signed-in user (hardwickariella@gmail.com)
[debug] [2022-02-27T17:22:34.035Z] [iam] checking project name-this-dog for permissions ["firebase.projects.get"]
[debug] [2022-02-27T17:22:34.045Z] >>> [apiv2][query] POST https://cloudresourcemanager.googleapis.com/v1/projects/name-this-dog:testIamPermissions [none]
[debug] [2022-02-27T17:22:34.046Z] >>> [apiv2][body] POST https://cloudresourcemanager.googleapis.com/v1/projects/name-this-dog:testIamPermissions {"permissions":["firebase.projects.get"]}
[debug] [2022-02-27T17:22:34.783Z] <<< [apiv2][status] POST https://cloudresourcemanager.googleapis.com/v1/projects/name-this-dog:testIamPermissions 200
[debug] [2022-02-27T17:22:34.783Z] <<< [apiv2][body] POST https://cloudresourcemanager.googleapis.com/v1/projects/name-this-dog:testIamPermissions {"permissions":["firebase.projects.get"]}
[debug] [2022-02-27T17:22:34.785Z] >>> [apiv2][query] GET https://firebase.googleapis.com/v1beta1/projects/name-this-dog [none]
[debug] [2022-02-27T17:22:35.251Z] <<< [apiv2][status] GET https://firebase.googleapis.com/v1beta1/projects/name-this-dog 200
[debug] [2022-02-27T17:22:35.252Z] <<< [apiv2][body] GET https://firebase.googleapis.com/v1beta1/projects/name-this-dog {"projectId":"name-this-dog","projectNumber":"884017592247","displayName":"name-this-dog","name":"projects/name-this-dog","resources":{"hostingSite":"name-this-dog","realtimeDatabaseInstance":"name-this-dog-default-rtdb"},"state":"ACTIVE"}
[info] 
[info] === Serving from 'C:\Users\hardw\ELLA\webdev\react\name-this-dog'...
[info] 
[debug] [2022-02-27T17:22:35.268Z] >>> [apiv2][query] GET https://firebasehosting.googleapis.com/v1beta1/projects/name-this-dog/sites 
[debug] [2022-02-27T17:22:35.866Z] <<< [apiv2][status] GET https://firebasehosting.googleapis.com/v1beta1/projects/name-this-dog/sites 200
[debug] [2022-02-27T17:22:35.867Z] <<< [apiv2][body] GET https://firebasehosting.googleapis.com/v1beta1/projects/name-this-dog/sites {"sites":[{"name":"projects/884017592247/sites/name-this-dog","defaultUrl":"https://name-this-dog.web.app","appId":"1:884017592247:web:43aac7d46d8533bb78da32","type":"DEFAULT_SITE"}]}
[debug] [2022-02-27T17:22:35.867Z] >>> [apiv2][query] GET https://firebase.googleapis.com/v1beta1/projects/name-this-dog/webApps/1:884017592247:web:43aac7d46d8533bb78da32/config [none]
[debug] [2022-02-27T17:22:36.415Z] <<< [apiv2][status] GET https://firebase.googleapis.com/v1beta1/projects/name-this-dog/webApps/1:884017592247:web:43aac7d46d8533bb78da32/config 200
[debug] [2022-02-27T17:22:36.415Z] <<< [apiv2][body] GET https://firebase.googleapis.com/v1beta1/projects/name-this-dog/webApps/1:884017592247:web:43aac7d46d8533bb78da32/config {"projectId":"name-this-dog","appId":"1:884017592247:web:43aac7d46d8533bb78da32","databaseURL":"https://name-this-dog-default-rtdb.firebaseio.com","storageBucket":"name-this-dog.appspot.com","apiKey":"AIzaSyCTTBw2mX1omuXPX_gcysUUyJeoN0v7i-o","authDomain":"name-this-dog.firebaseapp.com","messagingSenderId":"884017592247","measurementId":"G-53X57CSHNG"}
[warn] !  hosting: Port 5000 is not available. Trying another port... {"metadata":{"emulator":{"name":"hosting"},"message":"\u001b[33mhosting: \u001b[39mPort 5000 is not available. Trying another port..."}}
[info] i  hosting: Serving hosting files from: build {"metadata":{"emulator":{"name":"hosting"},"message":"Serving hosting files from: \u001b[1mbuild\u001b[22m"}}
[info] +  hosting: Local server: http://localhost:5005 {"metadata":{"emulator":{"name":"hosting"},"message":"Local server: \u001b[4m\u001b[1mhttp://localhost:5005\u001b[22m\u001b[24m"}}
[info] i  hosting: ::1 - - [27/Feb/2022:17:22:43 +0000] "GET / HTTP/1.1" 200 649 "-" "Mozilla/5.0 (Windows NT 10.0; Win64; x64) AppleWebKit/537.36 (KHTML, like Gecko) Chrome/98.0.4758.102 Safari/537.36" {"metadata":{"emulator":{"name":"hosting"},"message":"::1 - - [27/Feb/2022:17:22:43 +0000] \"GET / HTTP/1.1\" 200 649 \"-\" \"Mozilla/5.0 (Windows NT 10.0; Win64; x64) AppleWebKit/537.36 (KHTML, like Gecko) Chrome/98.0.4758.102 Safari/537.36\""}}
[info] i  hosting: ::1 - - [27/Feb/2022:17:22:43 +0000] "GET /static/css/main.11b46a94.css HTTP/1.1" 200 167582 "http://localhost:5005/" "Mozilla/5.0 (Windows NT 10.0; Win64; x64) AppleWebKit/537.36 (KHTML, like Gecko) Chrome/98.0.4758.102 Safari/537.36" {"metadata":{"emulator":{"name":"hosting"},"message":"::1 - - [27/Feb/2022:17:22:43 +0000] \"GET /static/css/main.11b46a94.css HTTP/1.1\" 200 167582 \"http://localhost:5005/\" \"Mozilla/5.0 (Windows NT 10.0; Win64; x64) AppleWebKit/537.36 (KHTML, like Gecko) Chrome/98.0.4758.102 Safari/537.36\""}}
[info] i  hosting: ::1 - - [27/Feb/2022:17:22:43 +0000] "GET /static/js/main.d6dbc240.js HTTP/1.1" 200 1036481 "http://localhost:5005/" "Mozilla/5.0 (Windows NT 10.0; Win64; x64) AppleWebKit/537.36 (KHTML, like Gecko) Chrome/98.0.4758.102 Safari/537.36" {"metadata":{"emulator":{"name":"hosting"},"message":"::1 - - [27/Feb/2022:17:22:43 +0000] \"GET /static/js/main.d6dbc240.js HTTP/1.1\" 200 1036481 \"http://localhost:5005/\" \"Mozilla/5.0 (Windows NT 10.0; Win64; x64) AppleWebKit/537.36 (KHTML, like Gecko) Chrome/98.0.4758.102 Safari/537.36\""}}
