[debug] [2022-03-12T05:58:44.086Z] ----------------------------------------------------------------------
[debug] [2022-03-12T05:58:44.090Z] Command:       C:\Program Files\nodejs\node.exe C:\Users\hardw\AppData\Roaming\npm\node_modules\firebase-tools\lib\bin\firebase.js deploy
[debug] [2022-03-12T05:58:44.091Z] CLI Version:   10.2.2
[debug] [2022-03-12T05:58:44.091Z] Platform:      win32
[debug] [2022-03-12T05:58:44.091Z] Node Version:  v17.2.0
[debug] [2022-03-12T05:58:44.107Z] Time:          Sat Mar 12 2022 00:58:44 GMT-0500 (Eastern Standard Time)
[debug] [2022-03-12T05:58:44.107Z] ----------------------------------------------------------------------
[debug] 
[debug] [2022-03-12T05:58:44.244Z] > command requires scopes: ["email","openid","https://www.googleapis.com/auth/cloudplatformprojects.readonly","https://www.googleapis.com/auth/firebase","https://www.googleapis.com/auth/cloud-platform"]
[debug] [2022-03-12T05:58:44.246Z] > authorizing via signed-in user (hardwickariella@gmail.com)
[debug] [2022-03-12T05:58:44.246Z] [iam] checking project name-this-dog-project for permissions ["firebase.projects.get","firebasehosting.sites.update"]
[debug] [2022-03-12T05:58:44.255Z] >>> [apiv2][query] POST https://cloudresourcemanager.googleapis.com/v1/projects/name-this-dog-project:testIamPermissions [none]
[debug] [2022-03-12T05:58:44.255Z] >>> [apiv2][body] POST https://cloudresourcemanager.googleapis.com/v1/projects/name-this-dog-project:testIamPermissions {"permissions":["firebase.projects.get","firebasehosting.sites.update"]}
[debug] [2022-03-12T05:58:45.076Z] <<< [apiv2][status] POST https://cloudresourcemanager.googleapis.com/v1/projects/name-this-dog-project:testIamPermissions 200
[debug] [2022-03-12T05:58:45.076Z] <<< [apiv2][body] POST https://cloudresourcemanager.googleapis.com/v1/projects/name-this-dog-project:testIamPermissions {}
[debug] [2022-03-12T05:58:45.077Z] [iam] error while checking permissions, command may fail: FirebaseError: Authorization failed. This account is missing the following required permissions on project name-this-dog-project:

  firebase.projects.get
  firebasehosting.sites.update
[debug] [2022-03-12T05:58:45.080Z] >>> [apiv2][query] GET https://firebase.googleapis.com/v1beta1/projects/name-this-dog-project [none]
[debug] [2022-03-12T05:58:45.677Z] <<< [apiv2][status] GET https://firebase.googleapis.com/v1beta1/projects/name-this-dog-project 403
[debug] [2022-03-12T05:58:45.677Z] <<< [apiv2][body] GET https://firebase.googleapis.com/v1beta1/projects/name-this-dog-project {"error":{"code":403,"message":"The caller does not have permission","status":"PERMISSION_DENIED"}}
[debug] [2022-03-12T05:58:45.679Z] HTTP Error: 403, The caller does not have permission
[debug] [2022-03-12T05:58:45.987Z] FirebaseError: HTTP Error: 403, The caller does not have permission
    at module.exports (C:\Users\hardw\AppData\Roaming\npm\node_modules\firebase-tools\lib\responseToError.js:47:12)
    at RetryOperation._fn (C:\Users\hardw\AppData\Roaming\npm\node_modules\firebase-tools\lib\apiv2.js:286:39)
    at processTicksAndRejections (node:internal/process/task_queues:96:5)
[error] 
[error] Error: Failed to get Firebase project name-this-dog-project. Please make sure the project exists and your account has permission to access it.
